[makler-login] {"email":"test-makler@claimondo.de"}
[makler-post-login-url] https://app.staging.claimondo.de/login
[makler-promo-code-visible] (nicht gefunden)
[makler-leads-before-snippet] Zum Hauptinhalt springen
Claimondo

Melde dich mit deinem Konto an

E-Mail
Telefon
Google
E-Mail
Passwort
Angemeldet bleiben
Nur auf privaten Geräten verwenden
Einloggen
Passwort vergessen?

© 2026 Claimondo GmbH

Wir nutzen Cookies für Funktionalität + anonyme Statistiken. Datenschutz.
Nur notwendi
[kunde-goto] https://app.staging.claimondo.de/schaden-melden?p=MK-SMKE
[kunde-submit] {"email":"kunde-smoke-mp6wqzis@example.com"}
[kunde-post-submit-url] https://app.staging.claimondo.de/schaden-melden?p=MK-SMKE
[makler-leads-after-snippet] Zum Hauptinhalt springen
Claimondo

Melde dich mit deinem Konto an

E-Mail
Telefon
Google
E-Mail
Passwort
Angemeldet bleiben
Nur auf privaten Geräten verwenden
Einloggen
Passwort vergessen?

© 2026 Claimondo GmbH

Wir nutzen Cookies für Funktionalität + anonyme Statistiken. Datenschutz.
Nur notwendi
[lead-in-makler-list] NEIN

Summary in docs\15.05.2026\smoke-makler-kunde\smoke-summary.json
Run-ID: mp6wqzis  Kunde: Run-mp6wqzis
