
=== PUBLIC (8 routes) ===
OK  public  200 /                              → undefined
OK  public  200 /schaden-melden                → undefined
OK  public  200 /gutachter-finden              → undefined
OK  public  200 /wie-es-funktioniert           → undefined
OK  public  200 /vorteile                      → undefined
OK  public  200 /ueber-uns                     → undefined
OK  public  200 /faq                           → undefined
OK  public  200 /login                         → undefined

=== KUNDE (3 routes) ===
OK  kunde    200 /kunde                              → undefined
OK  kunde    200 /kunde/onboarding                   → undefined
OK  kunde    200 /kunde/faelle                       → undefined

=== SV (4 routes) ===
OK  sv       200 /gutachter/heute                    → undefined
OK  sv       200 /gutachter/kalender                 → undefined
OK  sv       200 /gutachter/faelle                   → undefined
OK  sv       200 /gutachter/profil                   → undefined

=== ADMIN (4 routes) ===
OK  admin    200 /admin                              → undefined
OK  admin    200 /admin/faelle                       → undefined
OK  admin    200 /admin/sachverstaendige             → undefined
OK  admin    200 /admin/finance                      → undefined

=== DISPATCH (4 routes) ===
OK  dispatch 404 /dispatch                           → undefined
OK  dispatch 200 /dispatch/leads                     → undefined
OK  dispatch 200 /dispatch/karte                     → undefined
OK  dispatch 200 /dispatch/kalender                  → undefined

=== KANZLEI (2 routes) ===
OK  kanzlei  200 /kanzlei                            → undefined
OK  kanzlei  404 /kanzlei/mandate                    → undefined

=== ISSUES (3) ===
  {"scope":"dispatch","route":"/dispatch","status":404}
  {"scope":"dispatch","url":"https://app.staging.claimondo.de/dispatch/kalender","type":"pageerror","msg":"Minified React error #418; visit https://react.dev/errors/418?args[]=text&args[]= for the full message or use the non-minified dev environment for full errors and additional helpful warnings."}
  {"scope":"kanzlei","route":"/kanzlei/mandate","status":404}

Summary written to docs\14.05.2026\mobile-hygiene\audit-summary.json
